c:\users\dxzq\desktop\20200324开始\zhuanjia\c++设计模式\project\bank\bank\debug\vc142.pdb
c:\users\dxzq\desktop\20200324开始\zhuanjia\c++设计模式\project\bank\bank\debug\vc142.idb
c:\users\dxzq\desktop\20200324开始\zhuanjia\c++设计模式\project\bank\bank\debug\uniqid.obj
c:\users\dxzq\desktop\20200324开始\zhuanjia\c++设计模式\project\bank\bank\debug\transaction.obj
c:\users\dxzq\desktop\20200324开始\zhuanjia\c++设计模式\project\bank\bank\debug\trafficgenerator.obj
c:\users\dxzq\desktop\20200324开始\zhuanjia\c++设计模式\project\bank\bank\debug\timingwheel.obj
c:\users\dxzq\desktop\20200324开始\zhuanjia\c++设计模式\project\bank\bank\debug\test.obj
c:\users\dxzq\desktop\20200324开始\zhuanjia\c++设计模式\project\bank\bank\debug\systemcontroller.obj
c:\users\dxzq\desktop\20200324开始\zhuanjia\c++设计模式\project\bank\bank\debug\statisticskeeper.obj
c:\users\dxzq\desktop\20200324开始\zhuanjia\c++设计模式\project\bank\bank\debug\personalaccount.obj
c:\users\dxzq\desktop\20200324开始\zhuanjia\c++设计模式\project\bank\bank\debug\partition.obj
c:\users\dxzq\desktop\20200324开始\zhuanjia\c++设计模式\project\bank\bank\debug\customer.obj
c:\users\dxzq\desktop\20200324开始\zhuanjia\c++设计模式\project\bank\bank\debug\businessaccount.obj
c:\users\dxzq\desktop\20200324开始\zhuanjia\c++设计模式\project\bank\bank\debug\bank.obj
c:\users\dxzq\desktop\20200324开始\zhuanjia\c++设计模式\project\bank\bank\debug\atm.obj
c:\users\dxzq\desktop\20200324开始\zhuanjia\c++设计模式\project\bank\bank\debug\accountfactory.obj
c:\users\dxzq\desktop\20200324开始\zhuanjia\c++设计模式\project\bank\bank\debug\account.obj
c:\users\dxzq\desktop\20200324开始\zhuanjia\c++设计模式\project\bank\debug\bank.exe
c:\users\dxzq\desktop\20200324开始\zhuanjia\c++设计模式\project\bank\debug\bank.ilk
c:\users\dxzq\desktop\20200324开始\zhuanjia\c++设计模式\project\bank\debug\bank.pdb
c:\users\dxzq\desktop\20200324开始\zhuanjia\c++设计模式\project\bank\bank\debug\bank.tlog\cl.command.1.tlog
c:\users\dxzq\desktop\20200324开始\zhuanjia\c++设计模式\project\bank\bank\debug\bank.tlog\cl.read.1.tlog
c:\users\dxzq\desktop\20200324开始\zhuanjia\c++设计模式\project\bank\bank\debug\bank.tlog\cl.write.1.tlog
c:\users\dxzq\desktop\20200324开始\zhuanjia\c++设计模式\project\bank\bank\debug\bank.tlog\link.command.1.tlog
c:\users\dxzq\desktop\20200324开始\zhuanjia\c++设计模式\project\bank\bank\debug\bank.tlog\link.read.1.tlog
c:\users\dxzq\desktop\20200324开始\zhuanjia\c++设计模式\project\bank\bank\debug\bank.tlog\link.write.1.tlog
